Using pre-set license
Built from '2020.3/staging' branch; Version is '2020.3.3f1 (76626098c1c4) revision 7758432'; Using compiler version '192528614'; Build Type 'Release'
OS: 'Windows 10 Pro; OS build 19041.867; Version 2004; 64bit' Language: 'es' Physical Memory: 8102 MB
BatchMode: 1, IsHumanControllingUs: 0, StartBugReporterOnCrash: 0, Is64bit: 1, IsPro: 0

 COMMAND LINE ARGUMENTS:
C:\Program Files\Unity\Hub\Editor\2020.3.3f1\Editor\Unity.exe
-adb2
-batchMode
-noUpm
-name
AssetImportWorker29
-projectPath
C:/Users/FUCK/Documents/UnityProjects/ProjectT1
-logFile
Logs/AssetImportWorker29.log
-srvPort
57998
Successfully changed project path to: C:/Users/FUCK/Documents/UnityProjects/ProjectT1
C:/Users/FUCK/Documents/UnityProjects/ProjectT1
Using Asset Import Pipeline V2.
Refreshing native plugins compatible for Editor in 232.04 ms, found 1 plugins.
Preloading 0 native plugins for Editor in 0.00 ms.
Initialize engine version: 2020.3.3f1 (76626098c1c4)
[Subsystems] Discovering subsystems at path C:/Program Files/Unity/Hub/Editor/2020.3.3f1/Editor/Data/Resources/UnitySubsystems
[Subsystems] Discovering subsystems at path C:/Users/FUCK/Documents/UnityProjects/ProjectT1/Assets
GfxDevice: creating device client; threaded=0
Direct3D:
    Version:  Direct3D 11.0 [level 11.1]
    Renderer: Intel(R) HD Graphics Family (ID=0xa16)
    Vendor:   
    VRAM:     2048 MB
    Driver:   20.19.15.5126
Initialize mono
Mono path[0] = 'C:/Program Files/Unity/Hub/Editor/2020.3.3f1/Editor/Data/Managed'
Mono path[1] = 'C:/Program Files/Unity/Hub/Editor/2020.3.3f1/Editor/Data/MonoBleedingEdge/lib/mono/unityjit'
Mono config path = 'C:/Program Files/Unity/Hub/Editor/2020.3.3f1/Editor/Data/MonoBleedingEdge/etc'
Using monoOptions --debugger-agent=transport=dt_socket,embedding=1,server=y,suspend=n,address=127.0.0.1:56560
Begin MonoManager ReloadAssembly
Registering precompiled unity dll's ...
Register platform support module: C:/Program Files/Unity/Hub/Editor/2020.3.3f1/Editor/Data/PlaybackEngines/WindowsStandaloneSupport/UnityEditor.WindowsStandalone.Extensions.dll
Registered in 0.013708 seconds.
Native extension for WindowsStandalone target not found
Refreshing native plugins compatible for Editor in 186.25 ms, found 1 plugins.
Preloading 0 native plugins for Editor in 0.00 ms.
Invoked RoslynAnalysisRunner static constructor.
RoslynAnalysisRunner will not be running.
RoslynAnalysisRunner has terminated.
Mono: successfully reloaded assembly
- Completed reload, in  9.964 seconds
Platform modules already initialized, skipping
Registering precompiled user dll's ...
Registered in 0.004923 seconds.
Begin MonoManager ReloadAssembly
Native extension for WindowsStandalone target not found
Refreshing native plugins compatible for Editor in 243.80 ms, found 1 plugins.
Preloading 0 native plugins for Editor in 0.00 ms.
Invoked RoslynAnalysisRunner static constructor.
RoslynAnalysisRunner will not be running.
RoslynAnalysisRunner has terminated.
Mono: successfully reloaded assembly
- Completed reload, in  7.229 seconds
Platform modules already initialized, skipping
========================================================================
Worker process is ready to serve import requests
Launched and connected shader compiler UnityShaderCompiler.exe after 0.63 seconds
Refreshing native plugins compatible for Editor in 1.91 ms, found 1 plugins.
Preloading 0 native plugins for Editor in 0.00 ms.
Unloading 1812 Unused Serialized files (Serialized files now loaded: 0)
System memory in use before: 85.1 MB.
System memory in use after: 85.1 MB.

Unloading 24 unused Assets to reduce memory usage. Loaded Objects now: 2256.
Total: 10.984200 ms (FindLiveObjects: 0.504600 ms CreateObjectMapping: 0.291700 ms MarkObjects: 9.482700 ms  DeleteObjects: 0.700800 ms)

========================================================================
Received Import Request.
  path: Assets/Scripts/DetectarZombie.cs
  artifactKey: Guid(ac8bacf7d6c811942b970e8633cc58fa) Importer(815301076,1909f56bfc062723c751e8b465ee728b)
Start importing Assets/Scripts/DetectarZombie.cs using Guid(ac8bacf7d6c811942b970e8633cc58fa) Importer(815301076,1909f56bfc062723c751e8b465ee728b)  -> (artifact id: '6d0f583001c8fee9ae5479eeefe40da6') in 0.400758 seconds
  Import took 0.415266 seconds .

========================================================================
Received Import Request.
  Time since last request: 0.001012 seconds.
  path: Assets/Scripts/PlayerController.cs
  artifactKey: Guid(8fcd0b1309d94614a9be003c8a47b714) Importer(815301076,1909f56bfc062723c751e8b465ee728b)
Start importing Assets/Scripts/PlayerController.cs using Guid(8fcd0b1309d94614a9be003c8a47b714) Importer(815301076,1909f56bfc062723c751e8b465ee728b)  -> (artifact id: '9a297ae9bac71a953b2b82234da78be5') in 0.014861 seconds
  Import took 0.031118 seconds .

========================================================================
Received Prepare
Refreshing native plugins compatible for Editor in 42.31 ms, found 1 plugins.
Preloading 0 native plugins for Editor in 0.00 ms.
Unloading 10 Unused Serialized files (Serialized files now loaded: 0)
System memory in use before: 49.3 MB.
System memory in use after: 49.3 MB.

Unloading 10 unused Assets to reduce memory usage. Loaded Objects now: 2256.
Total: 14.833800 ms (FindLiveObjects: 0.982400 ms CreateObjectMapping: 0.448600 ms MarkObjects: 12.813400 ms  DeleteObjects: 0.581300 ms)

AssetImportWorkerClient::OnTransportError - code=2 error=End of file
